number,value,datetime_start,datetime_complete,duration,params_hmm_detector.lookback_days,params_hmm_detector.min_samples,params_hmm_detector.retrain_frequency,params_market_type.mean_reverting.min_regime_score,params_market_type.neutral.min_regime_score,params_market_type.trend_following.min_regime_score,params_position_sizing.max_size_adjustment,params_position_sizing.min_size_adjustment,params_risk.atr_stop_multiplier,params_risk.dynamic_target_atr_multiplier,params_risk.max_bars_held,params_risk.risk_per_trade,params_risk.trailing_stop_atr_multiplier,user_attrs_max_drawdown,user_attrs_profit_loss,user_attrs_trade_count,user_attrs_win_rate,state
0,0.11148025304974736,2025-03-30 00:48:21.918295,2025-03-30 00:48:29.867851,0 days 00:00:07.949556,20,300,5,45.0,45.0,75.0,2.0,0.9,3.0,1.5,8,0.009000000000000001,2.1,6.031712499999994,1445.347857142915,33,66.66666666666666,COMPLETE
1,0.2680615678260412,2025-03-30 00:48:29.868101,2025-03-30 00:48:37.978386,0 days 00:00:08.110285,30,250,7,40.0,50.0,65.0,1.5,0.8,1.7,1.1,14,0.008,1.2,2.3950601662778674,2110.5085714286106,42,64.28571428571429,COMPLETE
2,0.1402140271111979,2025-03-30 00:48:37.978683,2025-03-30 00:48:46.027944,0 days 00:00:08.049261,20,300,5,47.5,50.0,80.0,1.1,0.8,2.3,0.8,14,0.007,1.9,2.6791618795211214,873.1953571428458,32,68.75,COMPLETE
3,-0.041745974605941365,2025-03-30 00:48:46.028191,2025-03-30 00:48:51.297841,0 days 00:00:05.269650,25,200,11,42.5,47.5,72.5,2.0,0.8,1.6,0.8,20,0.01,1.7000000000000002,6.944116495418267,-502.2446428571857,28,50.0,COMPLETE
4,0.09055842456410543,2025-03-30 00:48:51.298103,2025-03-30 00:49:00.457027,0 days 00:00:09.158924,20,200,5,37.5,57.5,70.0,1.3,0.6,2.9000000000000004,1.9000000000000001,6,0.015,1.9,7.0047593522837905,1221.0689285715052,35,57.14285714285714,COMPLETE
5,-0.1735295098360141,2025-03-30 00:49:00.457422,2025-03-30 00:49:09.701384,0 days 00:00:09.243962,35,150,7,45.0,57.5,77.5,1.8,0.5,1.7,0.8,20,0.011,2.2,9.067625446428702,-2033.4494642857535,33,51.515151515151516,COMPLETE
6,0.14762143701419378,2025-03-30 00:49:09.701640,2025-03-30 00:49:17.967593,0 days 00:00:08.265953,20,200,7,45.0,60.0,77.5,1.5,0.5,1.6,1.6,10,0.009000000000000001,2.3,4.0269026785714415,1512.0439285714456,35,60.0,COMPLETE
7,0.04223709134653391,2025-03-30 00:49:17.967859,2025-03-30 00:49:23.271668,0 days 00:00:05.303809,30,150,9,35.0,55.0,65.0,1.3,0.7,2.7,1.8,12,0.013000000000000001,1.8,7.849703147023472,413.0678571428434,33,57.57575757575758,COMPLETE
8,0.2898469325522924,2025-03-30 00:49:23.271911,2025-03-30 00:49:31.766812,0 days 00:00:08.494901,20,175,7,47.5,55.0,80.0,1.9,0.9,1.8,1.7000000000000002,8,0.015,1.6,4.471949999999943,5196.358214285763,30,63.33333333333333,COMPLETE
9,-0.1506876654154923,2025-03-30 00:49:31.767055,2025-03-30 00:49:40.456585,0 days 00:00:08.689530,25,175,5,47.5,60.0,70.0,1.0,0.7,2.9000000000000004,1.8,20,0.007,1.8,5.949477081622813,-1150.1551785714037,38,55.26315789473685,COMPLETE
10,-0.10748031952127847,2025-03-30 00:49:40.456834,2025-03-30 00:49:43.893721,0 days 00:00:03.436887,40,250,15,50.0,52.5,80.0,1.8,0.9,2.1,1.2000000000000002,6,0.015,1.3,11.588151785714071,-2734.3646428570355,47,48.93617021276596,COMPLETE
11,0.2761126797869479,2025-03-30 00:49:43.893990,2025-03-30 00:49:48.354894,0 days 00:00:04.460904,30,250,9,40.0,52.5,65.0,1.6,0.8,2.0,1.1,16,0.012,1.0,6.853633554105885,3866.4873214286563,34,67.64705882352942,COMPLETE
12,-0.14436808562305706,2025-03-30 00:49:48.355201,2025-03-30 00:49:53.004905,0 days 00:00:04.649704,35,250,11,40.0,52.5,67.5,1.7000000000000002,0.9,2.0,1.3,16,0.013000000000000001,1.4,13.293969822332757,-2956.3405357142183,44,56.81818181818182,COMPLETE
13,0.24690502996596825,2025-03-30 00:49:53.005172,2025-03-30 00:49:58.360042,0 days 00:00:05.354870,25,225,9,40.0,55.0,72.5,1.7000000000000002,0.8,2.4,1.1,16,0.013000000000000001,1.0,9.140375225016523,3562.3346428572404,36,69.44444444444444,COMPLETE
14,0.2415959842627873,2025-03-30 00:49:58.360319,2025-03-30 00:50:02.724336,0 days 00:00:04.364017,40,275,13,50.0,55.0,75.0,1.9,0.9,1.9,1.6,10,0.012,1.5,6.820035714285587,3799.2703571429593,32,62.5,COMPLETE
15,0.13379277537257997,2025-03-30 00:50:02.724588,2025-03-30 00:50:08.364801,0 days 00:00:05.640213,35,225,9,35.0,50.0,67.5,1.6,0.8,1.9,2.0,16,0.015,1.0,12.07193710539306,2186.275714285759,37,56.75675675675676,COMPLETE
16,-0.0969157382165848,2025-03-30 00:50:08.365071,2025-03-30 00:50:14.029779,0 days 00:00:05.664708,25,175,11,42.5,52.5,75.0,1.3,0.7,2.2,1.0,12,0.014,1.6,9.486335099069201,-1377.6419642856636,36,50.0,COMPLETE
17,0.20282652883072202,2025-03-30 00:50:14.030059,2025-03-30 00:50:23.307826,0 days 00:00:09.277767,30,275,7,37.5,57.5,70.0,1.6,0.6,2.5,1.4000000000000001,18,0.011,1.2,5.570616816240556,2880.5032142857526,32,62.5,COMPLETE
18,0.1624684925847302,2025-03-30 00:50:23.308082,2025-03-30 00:50:28.684762,0 days 00:00:05.376680,35,175,13,47.5,47.5,67.5,1.9,0.9,1.8,1.7000000000000002,8,0.012,2.5,3.107693003660042,1955.7653571428746,18,66.66666666666666,COMPLETE
19,0.10479593457082492,2025-03-30 00:50:28.685010,2025-03-30 00:50:33.231896,0 days 00:00:04.546886,25,275,9,37.5,55.0,77.5,1.4,0.8,2.1,1.3,10,0.014,1.1,7.847044642857126,1363.043392857202,34,61.76470588235294,COMPLETE
20,0.12156622244105922,2025-03-30 00:50:33.232136,2025-03-30 00:50:43.232445,0 days 00:00:10.000309,30,225,7,42.5,47.5,80.0,1.8,0.6,1.5,1.0,18,0.006,1.4,1.3612477678571484,519.4208928571461,25,64.0,COMPLETE
21,0.27502221921909964,2025-03-30 00:50:43.232710,2025-03-30 00:50:51.862280,0 days 00:00:08.629570,30,250,7,40.0,50.0,65.0,1.5,0.8,1.8,1.1,14,0.009000000000000001,1.2,4.5929275565459875,2771.5173214286187,38,65.78947368421053,COMPLETE
22,0.23780574387755174,2025-03-30 00:50:51.862543,2025-03-30 00:51:00.735745,0 days 00:00:08.873202,30,250,7,40.0,50.0,65.0,1.6,0.8,1.9,1.0,14,0.01,1.2,3.949100026625487,2440.5892857143044,34,67.64705882352942,COMPLETE
23,0.20242000504576516,2025-03-30 00:51:00.736012,2025-03-30 00:51:05.231577,0 days 00:00:04.495565,30,275,9,42.5,52.5,65.0,1.4,0.9,1.8,1.4000000000000001,12,0.009000000000000001,1.0,3.7251821428571743,1888.1594642857017,37,62.16216216216216,COMPLETE
24,-0.1774201510977992,2025-03-30 00:51:05.464853,2025-03-30 00:51:14.301594,0 days 00:00:08.836741,35,250,7,40.0,50.0,67.5,1.2,0.7,2.1,1.2000000000000002,18,0.012,1.5,8.335740239971136,-2420.3062499999505,39,51.28205128205128,COMPLETE
25,0.27583940518865735,2025-03-30 00:51:14.301880,2025-03-30 00:51:20.175827,0 days 00:00:05.873947,25,225,9,37.5,52.5,72.5,1.7000000000000002,0.8,1.5,0.9,16,0.008,1.3,1.7454931667356388,1739.2337500000067,22,72.72727272727273,COMPLETE
26,-0.06747672344624754,2025-03-30 00:51:20.176107,2025-03-30 00:51:26.021272,0 days 00:00:05.845165,25,200,11,37.5,52.5,72.5,1.7000000000000002,0.9,1.5,0.9,16,0.006,1.4,6.978956111215911,-491.46607142861467,41,53.65853658536586,COMPLETE
27,0.1436231289463697,2025-03-30 00:51:26.021570,2025-03-30 00:51:32.273851,0 days 00:00:06.252281,20,225,9,35.0,55.0,75.0,1.9,0.7,1.6,0.9,18,0.014,1.6,10.163101255118487,2433.4580357143714,34,61.76470588235294,COMPLETE
28,0.015812851631715818,2025-03-30 00:51:32.274118,2025-03-30 00:51:38.111872,0 days 00:00:05.837754,25,175,13,37.5,57.5,70.0,1.7000000000000002,0.8,1.7,1.5,16,0.008,1.3,8.424869538428476,61.93607142864494,39,53.84615384615385,COMPLETE
29,0.01264216468237888,2025-03-30 00:51:38.112122,2025-03-30 00:51:47.188307,0 days 00:00:09.076185,20,300,5,45.0,55.0,77.5,2.0,0.9,1.5,1.5,8,0.008,1.1,3.866921286309445,41.19178571431257,22,59.09090909090909,COMPLETE
30,-0.11628302160236008,2025-03-30 00:51:47.188572,2025-03-30 00:51:52.969197,0 days 00:00:05.780625,20,150,9,42.5,52.5,72.5,1.8,0.9,2.0,0.9,12,0.01,2.0,4.2720443422496945,-1229.133035714287,14,50.0,COMPLETE
31,0.2168767425790771,2025-03-30 00:51:52.969478,2025-03-30 00:52:04.297269,0 days 00:00:11.327791,30,225,7,40.0,45.0,65.0,1.6,0.8,1.8,1.1,14,0.009000000000000001,1.1,2.0502885181248107,1369.442678571475,25,64.0,COMPLETE
32,0.031136965073504778,2025-03-30 00:52:04.297630,2025-03-30 00:52:14.501672,0 days 00:00:10.204042,30,250,7,40.0,50.0,67.5,1.4,0.8,1.7,1.2000000000000002,14,0.007,1.3,4.31780802486526,204.36071428573632,45,57.77777777777777,COMPLETE
33,0.2663676265263613,2025-03-30 00:52:14.501928,2025-03-30 00:52:19.635917,0 days 00:00:05.133989,25,250,9,37.5,47.5,65.0,1.5,0.7,2.0,1.1,14,0.008,1.2,4.407828054466428,2211.7900000000154,33,66.66666666666666,COMPLETE
34,0.2000626335765564,2025-03-30 00:52:19.636198,2025-03-30 00:52:29.663090,0 days 00:00:10.026892,25,300,5,42.5,52.5,67.5,1.5,0.8,2.3,1.3,16,0.011,1.6,3.801047767607,2191.849107142916,32,65.625,COMPLETE
35,-0.08730785736102438,2025-03-30 00:52:29.663351,2025-03-30 00:52:36.164577,0 days 00:00:06.501226,20,200,11,40.0,50.0,70.0,2.0,0.8,1.6,1.0,14,0.009000000000000001,1.1,2.976529209311055,-828.6001785714107,14,50.0,COMPLETE
36,0.23990349586265572,2025-03-30 00:52:36.164842,2025-03-30 00:52:46.635347,0 days 00:00:10.470505,30,275,5,47.5,45.0,80.0,1.6,0.8,1.8,0.9,18,0.01,1.5,4.82416874999999,2582.98196428574,36,63.888888888888886,COMPLETE
37,0.15389049747246647,2025-03-30 00:52:46.635615,2025-03-30 00:52:58.434254,0 days 00:00:11.798639,25,225,7,45.0,50.0,72.5,1.9,0.9,2.2,0.8,16,0.007,1.7000000000000002,3.317950691745656,1168.8460714285538,35,68.57142857142857,COMPLETE
38,0.2647122212350625,2025-03-30 00:52:58.434596,2025-03-30 00:53:03.155434,0 days 00:00:04.720838,20,250,9,37.5,52.5,65.0,1.5,0.7,1.7,2.0,6,0.008,1.3,3.912333835203192,2229.1153571428586,32,59.375,COMPLETE
39,0.15278902302258204,2025-03-30 00:53:03.155702,2025-03-30 00:53:13.748074,0 days 00:00:10.592372,30,200,7,35.0,55.0,77.5,1.7000000000000002,0.8,1.9,1.7000000000000002,12,0.009000000000000001,1.2,4.019418863696722,1304.2382142857314,23,60.86956521739131,COMPLETE
40,-0.1323360570159574,2025-03-30 00:53:13.748366,2025-03-30 00:53:24.477757,0 days 00:00:10.729391,35,225,5,50.0,57.5,75.0,1.4,0.9,1.6,1.2000000000000002,10,0.01,1.9,8.459831310147557,-1608.7955357143364,44,50.0,COMPLETE
41,0.30712629477590425,2025-03-30 00:53:24.478019,2025-03-30 00:53:33.785169,0 days 00:00:09.307150,30,250,7,40.0,47.5,65.0,1.5,0.8,1.7,1.1,14,0.008,1.0,4.022707916360511,2511.3964285714246,34,67.64705882352942,COMPLETE
42,0.31706887096401115,2025-03-30 00:53:33.785418,2025-03-30 00:53:43.742597,0 days 00:00:09.957179,30,250,7,40.0,47.5,65.0,1.6,0.8,1.7,1.1,14,0.007,1.0,3.353530664193586,2395.2223214285696,34,67.64705882352942,COMPLETE
43,0.08301880594711848,2025-03-30 00:53:43.742909,2025-03-30 00:53:53.642250,0 days 00:00:09.899341,35,275,7,42.5,45.0,67.5,1.6,0.8,1.7,0.8,14,0.007,1.0,4.748281547527384,621.0417857142311,43,60.46511627906976,COMPLETE
44,0.23941020987681866,2025-03-30 00:53:53.642510,2025-03-30 00:53:58.861096,0 days 00:00:05.218586,25,250,9,40.0,47.5,65.0,1.7000000000000002,0.6,1.6,1.3,16,0.006,1.0,2.8802452614977403,1647.9407142857308,33,63.63636363636363,COMPLETE
45,0.2961209996317011,2025-03-30 00:53:58.861719,2025-03-30 00:54:10.099561,0 days 00:00:11.237842,30,150,5,37.5,47.5,67.5,1.8,0.7,1.5,1.1,12,0.007,1.1,3.4567437500000047,2418.9101785714447,34,64.70588235294117,COMPLETE
46,-0.3063042477344666,2025-03-30 00:54:10.099856,2025-03-30 00:54:22.955970,0 days 00:00:12.856114,35,150,5,40.0,47.5,65.0,1.8,0.7,2.0,1.2000000000000002,10,0.006,1.1,4.217062500000048,-1629.7558928571598,28,50.0,COMPLETE
47,-0.18348555092154395,2025-03-30 00:54:22.956254,2025-03-30 00:54:34.381830,0 days 00:00:11.425576,40,150,5,45.0,45.0,67.5,1.9,0.7,1.9,1.1,8,0.007,1.0,5.775441071428541,-1259.0257142856863,36,52.77777777777778,COMPLETE
48,0.34043500862054127,2025-03-30 00:54:34.382135,2025-03-30 00:54:46.598715,0 days 00:00:12.216580,30,175,5,37.5,47.5,65.0,1.8,0.7,1.7,1.9000000000000001,12,0.015,2.3,6.55850471674047,6263.197142857171,31,64.51612903225806,COMPLETE
49,0.09207442737563983,2025-03-30 00:54:46.599137,2025-03-30 00:54:58.589176,0 days 00:00:11.990039,30,175,5,35.0,47.5,65.0,1.8,0.6,2.7,1.9000000000000001,12,0.015,2.3,7.733341940642166,1141.141071428574,30,56.666666666666664,COMPLETE
50,0.06932253244239554,2025-03-30 00:54:58.589485,2025-03-30 00:55:11.023868,0 days 00:00:12.434383,30,150,5,37.5,45.0,67.5,2.0,0.7,1.5,1.8,12,0.015,2.5,16.49814906793278,1252.3146428570908,38,52.63157894736842,COMPLETE
51,0.2554137577111677,2025-03-30 00:55:11.024180,2025-03-30 00:55:22.834043,0 days 00:00:11.809863,30,175,5,37.5,47.5,65.0,1.9,0.7,1.7,1.9000000000000001,8,0.014,2.1,6.967555917419268,4622.1642857143015,31,61.29032258064516,COMPLETE
52,0.3398263111095407,2025-03-30 00:55:22.834323,2025-03-30 00:55:34.553624,0 days 00:00:11.719301,30,175,7,37.5,47.5,65.0,1.8,0.6,1.7,1.6,10,0.013000000000000001,2.3,3.52059464285725,4473.203750000001,24,70.83333333333334,COMPLETE
53,0.2271079659994496,2025-03-30 00:55:34.553906,2025-03-30 00:55:47.237878,0 days 00:00:12.683972,30,175,7,37.5,47.5,65.0,1.8,0.5,1.6,1.6,10,0.013000000000000001,2.3,6.2362616071428425,3530.406071428639,33,60.60606060606061,COMPLETE
54,0.08720310746447316,2025-03-30 00:55:47.238224,2025-03-30 00:55:59.225621,0 days 00:00:11.987397,35,150,5,35.0,47.5,67.5,1.8,0.6,1.7,1.7000000000000002,10,0.015,2.4000000000000004,9.19940344021536,1292.695714285699,31,61.29032258064516,COMPLETE
55,0.1764916121102381,2025-03-30 00:55:59.225873,2025-03-30 00:56:11.163961,0 days 00:00:11.938088,30,200,7,37.5,45.0,65.0,2.0,0.6,1.6,1.6,12,0.013000000000000001,2.2,7.743204059950928,2709.5717857143245,35,57.14285714285714,COMPLETE
56,0.25033702195783686,2025-03-30 00:56:11.164207,2025-03-30 00:56:23.235004,0 days 00:00:12.070797,30,175,7,35.0,47.5,65.0,1.9,0.6,1.8,1.8,10,0.014,2.2,6.8270718784970565,4604.4375,35,60.0,COMPLETE
57,0.3382291895689316,2025-03-30 00:56:23.235292,2025-03-30 00:56:35.365385,0 days 00:00:12.130093,30,175,5,37.5,47.5,70.0,1.8,0.5,3.0,1.7000000000000002,12,0.015,2.0,4.392359002915364,5846.950535714321,33,66.66666666666666,COMPLETE
58,0.10109464197675058,2025-03-30 00:56:35.365657,2025-03-30 00:56:47.814018,0 days 00:00:12.448361,30,150,5,37.5,47.5,70.0,1.7000000000000002,0.5,3.0,2.0,12,0.014,2.0,14.691825024935165,1920.3892857143437,42,59.523809523809526,COMPLETE
59,0.17126297398044227,2025-03-30 00:56:47.814273,2025-03-30 00:57:00.123529,0 days 00:00:12.309256,30,175,5,37.5,50.0,67.5,1.8,0.5,2.5,1.7000000000000002,12,0.015,2.4000000000000004,8.040439597200887,2964.7153571428644,34,58.82352941176471,COMPLETE
60,0.09238854448288614,2025-03-30 00:57:00.123799,2025-03-30 00:57:12.475826,0 days 00:00:12.352027,30,200,5,40.0,45.0,67.5,1.0,0.5,1.5,1.9000000000000001,14,0.007,2.0,2.1327023630566195,421.18678571427154,22,59.09090909090909,COMPLETE
61,-0.019608108753362507,2025-03-30 00:57:12.476095,2025-03-30 00:57:25.501373,0 days 00:00:13.025278,30,175,7,47.5,47.5,65.0,1.8,0.6,2.7,1.8,8,0.015,1.8,11.46677707405681,-768.5521428570792,38,57.89473684210527,COMPLETE
62,-0.15115428528756172,2025-03-30 00:57:25.501648,2025-03-30 00:57:38.336336,0 days 00:00:12.834688,35,175,7,37.5,47.5,70.0,1.9,0.7,1.8,1.6,10,0.014,2.4000000000000004,12.341588538581378,-3540.3830357142215,45,51.11111111111111,COMPLETE
63,0.26301484615126663,2025-03-30 00:57:38.336609,2025-03-30 00:57:43.231750,0 days 00:00:04.895141,30,150,15,35.0,47.5,67.5,1.9,0.5,2.8,1.5,6,0.015,2.1,10.397402760377732,5199.204285714339,31,67.74193548387096,COMPLETE
64,-0.03850246865062247,2025-03-30 00:57:43.232133,2025-03-30 00:57:56.096387,0 days 00:00:12.864254,35,200,7,40.0,50.0,70.0,1.7000000000000002,0.7,2.5,1.7000000000000002,12,0.015,1.9,9.678622093955209,-1048.6189285713772,45,55.55555555555556,COMPLETE
65,0.34269347957970947,2025-03-30 00:57:56.096676,2025-03-30 00:58:11.034113,0 days 00:00:14.937437,40,175,5,50.0,60.0,65.0,1.2,0.7,1.7,1.8,14,0.013000000000000001,2.3,3.578708854590317,4765.14714285716,35,62.857142857142854,COMPLETE
66,0.29627515979174385,2025-03-30 00:58:11.034528,2025-03-30 00:58:25.689494,0 days 00:00:14.654966,40,175,5,40.0,60.0,65.0,1.1,0.7,1.6,1.8,14,0.012,2.3,4.163861604329433,3316.77696428576,32,62.5,COMPLETE
67,0.2433910368371033,2025-03-30 00:58:25.689935,2025-03-30 00:58:38.309362,0 days 00:00:12.619427,40,175,5,40.0,60.0,65.0,1.1,0.7,1.6,1.8,14,0.012,2.3,4.231764629980092,2592.9041071428946,31,61.29032258064516,COMPLETE
68,0.23357776706693312,2025-03-30 00:58:38.309634,2025-03-30 00:58:50.822265,0 days 00:00:12.512631,40,200,5,42.5,60.0,65.0,1.1,0.7,1.9,1.9000000000000001,14,0.013000000000000001,2.2,5.636195084062616,2869.721428571509,32,62.5,COMPLETE
69,0.46871565854066627,2025-03-30 00:58:50.823170,2025-03-30 00:59:03.588796,0 days 00:00:12.765626,40,175,5,42.5,60.0,65.0,1.2,0.6,1.7,1.9000000000000001,14,0.012,2.1,3.922524481338372,6269.875714285714,36,63.888888888888886,COMPLETE
70,0.07050687366670366,2025-03-30 00:59:03.589076,2025-03-30 00:59:17.842176,0 days 00:00:14.253100,40,175,5,42.5,57.5,65.0,1.3,0.6,1.7,2.0,14,0.013000000000000001,2.1,7.1845692059493,812.2571428570664,35,54.285714285714285,COMPLETE
71,0.2433299718557994,2025-03-30 00:59:17.842452,2025-03-30 00:59:31.887216,0 days 00:00:14.044764,40,175,5,50.0,60.0,65.0,1.2,0.5,1.7,1.9000000000000001,14,0.011,2.3,6.073217494841397,3120.748928571411,40,60.0,COMPLETE
72,0.09264961372097417,2025-03-30 00:59:31.887579,2025-03-30 00:59:46.290347,0 days 00:00:14.402768,40,175,5,40.0,60.0,65.0,1.2,0.6,1.8,1.8,14,0.012,2.2,5.635133188631946,886.2271428571694,25,56.00000000000001,COMPLETE
73,0.13620755859509792,2025-03-30 00:59:46.290635,2025-03-30 00:59:59.332198,0 days 00:00:13.041563,40,175,5,42.5,60.0,65.0,1.0,0.7,1.7,1.8,14,0.012,2.4000000000000004,6.672456475824608,1584.548749999958,39,58.97435897435898,COMPLETE
74,0.44610830264142953,2025-03-30 00:59:59.332579,2025-03-30 01:00:13.185736,0 days 00:00:13.853157,40,175,5,45.0,60.0,65.0,1.2,0.6,1.6,1.9000000000000001,14,0.011,2.5,3.5085728628859627,4817.371071428584,33,66.66666666666666,COMPLETE
